0 info it worked if it ends with ok
1 verbose cli [ '/usr/local/Cellar/node@6/6.14.3/bin/node',
1 verbose cli   '/usr/local/opt/node@6/bin/npm',
1 verbose cli   'stop' ]
2 info using npm@3.10.10
3 info using node@v6.14.3
4 verbose config Skipping project config: /Users/jsubda/.npmrc. (matches userconfig)
5 verbose stack Error: ENOENT: no such file or directory, open '/Users/jsubda/package.json'
5 verbose stack     at Error (native)
6 verbose cwd /Users/jsubda/git/mds
7 error Darwin 18.0.0
8 error argv "/usr/local/Cellar/node@6/6.14.3/bin/node" "/usr/local/opt/node@6/bin/npm" "stop"
9 error node v6.14.3
10 error npm  v3.10.10
11 error path /Users/jsubda/package.json
12 error code ENOENT
13 error errno -2
14 error syscall open
15 error enoent ENOENT: no such file or directory, open '/Users/jsubda/package.json'
16 error enoent ENOENT: no such file or directory, open '/Users/jsubda/package.json'
16 error enoent This is most likely not a problem with npm itself
16 error enoent and is related to npm not being able to find a file.
17 verbose exit [ -2, true ]
